2025-06-03 10:41:05.652 INFO  --- [main] o.s.t.c.s.AnnotationConfigContextLoaderUtils : Could not detect default configuration classes for test class [npa.gov.tw.mydata.MyDataClientApplicationTests]: MyDataClientApplicationTests does not declare any static, non-private, non-final, nested classes annotated with @Configuration. 
2025-06-03 10:41:05.823 INFO  --- [main] o.s.b.t.c.SpringBootTestContextBootstrapper : Found @SpringBootConfiguration npa.gov.tw.mydata.MyDataClientApplication for test class npa.gov.tw.mydata.MyDataClientApplicationTests 
2025-06-03 10:41:06.252 WARN  --- [main] o.s.b.t.j.DuplicateJsonObjectContextCustomizerFactory$DuplicateJsonObjectContextCustomizer : 

Found multiple occurrences of org.json.JSONObject on the class path:

	jar:file:/C:/Users/User/.m2/repository/com/vaadin/external/google/android-json/0.0.20131108.vaadin1/android-json-0.0.20131108.vaadin1.jar!/org/json/JSONObject.class
	jar:file:/C:/Users/User/.m2/repository/org/json/json/20180130/json-20180130.jar!/org/json/JSONObject.class

You may wish to exclude one of them to ensure predictable runtime behavior
 
2025-06-03 10:41:06.269 INFO  --- [main] n.gov.tw.mydata.MyDataClientApplicationTests : Starting MyDataClientApplicationTests using Java 17.0.12 with PID 4460 (started by User in D:\PROJECT_IDEA\NV\NPA114-TRoad) 
2025-06-03 10:41:06.271 INFO  --- [main] n.gov.tw.mydata.MyDataClientApplicationTests : No active profile set, falling back to 1 default profile: "default" 
2025-06-03 10:41:08.620 INFO  --- [main] n.gov.tw.mydata.MyDataClientApplicationTests : Started MyDataClientApplicationTests in 2.622 seconds (process running for 4.117) 
2025-06-03 10:41:58.072 INFO  --- [main] npa.gov.tw.mydata.MyDataClientApplication : Starting MyDataClientApplication v0.0.1 using Java 17.0.12 with PID 21580 (D:\PROJECT_IDEA\NV\NPA114-TRoad\target\NPA114-TRoad.war started by User in D:\PROJECT_IDEA\NV\NPA114-TRoad) 
2025-06-03 10:41:58.077 INFO  --- [main] npa.gov.tw.mydata.MyDataClientApplication : No active profile set, falling back to 1 default profile: "default" 
2025-06-03 10:42:00.628 INFO  --- [main] o.s.boot.web.embedded.tomcat.TomcatWebServer : Tomcat initialized with port 8080 (http) 
2025-06-03 10:42:00.653 INFO  --- [main] org.apache.coyote.http11.Http11NioProtocol : Initializing ProtocolHandler ["http-nio-8080"] 
2025-06-03 10:42:00.659 INFO  --- [main] org.apache.catalina.core.StandardService : Starting service [Tomcat] 
2025-06-03 10:42:00.661 INFO  --- [main] org.apache.catalina.core.StandardEngine : Starting Servlet engine: [Apache Tomcat/10.1.20] 
2025-06-03 10:42:00.822 INFO  --- [main] o.a.c.c.C.[.[localhost].[/NPA114-TRoad] : Initializing Spring embedded WebApplicationContext 
2025-06-03 10:42:00.825 INFO  --- [main] o.s.b.w.s.c.ServletWebServerApplicationContext : Root WebApplicationContext: initialization completed in 2654 ms 
2025-06-03 10:42:02.111 INFO  --- [main] o.s.b.a.endpoint.web.EndpointLinksResolver : Exposing 1 endpoint(s) beneath base path '/actuator' 
2025-06-03 10:42:02.230 INFO  --- [main] org.apache.coyote.http11.Http11NioProtocol : Starting ProtocolHandler ["http-nio-8080"] 
2025-06-03 10:42:02.381 INFO  --- [main] o.s.boot.web.embedded.tomcat.TomcatWebServer : Tomcat started on port 8080 (http) with context path '/NPA114-TRoad' 
2025-06-03 10:42:02.419 INFO  --- [main] npa.gov.tw.mydata.MyDataClientApplication : Started MyDataClientApplication in 4.968 seconds (process running for 6.313) 
2025-06-03 10:44:00.023 INFO  --- [http-nio-8080-exec-1] o.a.c.c.C.[.[localhost].[/NPA114-TRoad] : Initializing Spring DispatcherServlet 'dispatcherServlet' 
2025-06-03 10:44:00.024 INFO  --- [http-nio-8080-exec-1] o.s.web.servlet.DispatcherServlet : Initializing Servlet 'dispatcherServlet' 
2025-06-03 10:44:00.028 INFO  --- [http-nio-8080-exec-1] o.s.web.servlet.DispatcherServlet : Completed initialization in 2 ms 
2025-06-03 10:46:41.988 INFO  --- [main] npa.gov.tw.mydata.MyDataClientApplication : Starting MyDataClientApplication v0.0.1 using Java 17.0.12 with PID 21228 (D:\PROJECT_IDEA\NV\NPA114-TRoad\target\NPA114-TRoad.war started by User in D:\PROJECT_IDEA\NV\NPA114-TRoad) 
2025-06-03 10:46:41.994 INFO  --- [main] npa.gov.tw.mydata.MyDataClientApplication : No active profile set, falling back to 1 default profile: "default" 
2025-06-03 10:46:44.556 INFO  --- [main] o.s.boot.web.embedded.tomcat.TomcatWebServer : Tomcat initialized with port 8080 (http) 
2025-06-03 10:46:44.578 INFO  --- [main] org.apache.coyote.http11.Http11NioProtocol : Initializing ProtocolHandler ["http-nio-8080"] 
2025-06-03 10:46:44.583 INFO  --- [main] org.apache.catalina.core.StandardService : Starting service [Tomcat] 
2025-06-03 10:46:44.584 INFO  --- [main] org.apache.catalina.core.StandardEngine : Starting Servlet engine: [Apache Tomcat/10.1.20] 
2025-06-03 10:46:44.727 INFO  --- [main] o.a.c.c.C.[.[localhost].[/NPA114-TRoad] : Initializing Spring embedded WebApplicationContext 
2025-06-03 10:46:44.730 INFO  --- [main] o.s.b.w.s.c.ServletWebServerApplicationContext : Root WebApplicationContext: initialization completed in 2631 ms 
2025-06-03 10:46:45.980 INFO  --- [main] o.s.b.a.endpoint.web.EndpointLinksResolver : Exposing 1 endpoint(s) beneath base path '/actuator' 
2025-06-03 10:46:46.087 INFO  --- [main] org.apache.coyote.http11.Http11NioProtocol : Starting ProtocolHandler ["http-nio-8080"] 
2025-06-03 10:46:46.176 INFO  --- [main] o.s.boot.web.embedded.tomcat.TomcatWebServer : Tomcat started on port 8080 (http) with context path '/NPA114-TRoad' 
2025-06-03 10:46:46.213 INFO  --- [main] npa.gov.tw.mydata.MyDataClientApplication : Started MyDataClientApplication in 4.814 seconds (process running for 6.122) 
2025-06-03 10:47:04.628 INFO  --- [http-nio-8080-exec-1] o.a.c.c.C.[.[localhost].[/NPA114-TRoad] : Initializing Spring DispatcherServlet 'dispatcherServlet' 
2025-06-03 10:47:04.629 INFO  --- [http-nio-8080-exec-1] o.s.web.servlet.DispatcherServlet : Initializing Servlet 'dispatcherServlet' 
2025-06-03 10:47:04.631 INFO  --- [http-nio-8080-exec-1] o.s.web.servlet.DispatcherServlet : Completed initialization in 1 ms 
